[INFO ] 2024-08-17 01:43:09.474 [main] MavenStoreV1 - firefox browser opened
[INFO ] 2024-08-17 01:43:13.924 [main] MavenStoreV1 - https://www.automationexercise.com/ url opened.
[INFO ] 2024-08-17 01:43:17.894 [main] MavenStoreV1 - Username matched on home page
[INFO ] 2024-08-17 01:43:22.370 [main] MavenStoreV1 - firefox browser closed.
[INFO ] 2024-08-17 01:44:05.125 [main] MavenStoreV1 - firefox browser opened
[INFO ] 2024-08-17 01:44:09.442 [main] MavenStoreV1 - https://www.automationexercise.com/ url opened.
[INFO ] 2024-08-17 01:45:16.781 [main] MavenStoreV1 - Username matched on home page
[INFO ] 2024-08-17 01:45:58.258 [main] MavenStoreV1 - firefox browser opened
[INFO ] 2024-08-17 01:46:02.925 [main] MavenStoreV1 - https://www.automationexercise.com/ url opened.
[INFO ] 2024-08-17 01:46:21.224 [main] MavenStoreV1 - firefox browser closed.
[INFO ] 2024-08-17 01:54:24.528 [main] MavenStoreV1 - firefox browser opened
[INFO ] 2024-08-17 01:54:29.656 [main] MavenStoreV1 - https://www.automationexercise.com/ url opened.
[INFO ] 2024-08-17 01:54:47.718 [main] MavenStoreV1 - Username not matched on home page
[INFO ] 2024-08-17 01:54:50.293 [main] MavenStoreV1 - firefox browser closed.
[INFO ] 2024-08-17 01:56:43.890 [main] MavenStoreV1 - firefox browser opened
[INFO ] 2024-08-17 01:56:48.213 [main] MavenStoreV1 - https://www.automationexercise.com/ url opened.
[INFO ] 2024-08-17 01:57:04.155 [main] MavenStoreV1 - Username not matched on home page
[INFO ] 2024-08-17 01:57:05.959 [main] MavenStoreV1 - firefox browser closed.
[INFO ] 2024-08-17 02:26:41.209 [main] MavenStoreV1 - firefox browser opened
[INFO ] 2024-08-17 02:26:51.165 [main] MavenStoreV1 - https://www.automationexercise.com/ url opened.
[INFO ] 2024-08-17 02:26:56.974 [main] MavenStoreV1 - Username matched on home page
[INFO ] 2024-08-17 02:26:59.992 [main] MavenStoreV1 - https://www.automationexercise.com/ url opened.
[INFO ] 2024-08-17 02:27:16.955 [main] MavenStoreV1 - firefox browser closed.
[INFO ] 2024-08-17 02:36:14.741 [main] MavenStoreV1 - firefox browser opened
[INFO ] 2024-08-17 02:36:22.026 [main] MavenStoreV1 - https://www.automationexercise.com/ url opened.
[INFO ] 2024-08-17 02:36:31.172 [main] MavenStoreV1 - Username matched on home page
[INFO ] 2024-08-17 02:36:35.388 [main] MavenStoreV1 - https://www.automationexercise.com/ url opened.
[INFO ] 2024-08-17 02:36:42.001 [main] MavenStoreV1 - Username matched on home page
[INFO ] 2024-08-17 02:36:48.771 [main] MavenStoreV1 - firefox browser closed.
[INFO ] 2024-08-17 02:42:21.048 [main] MavenStoreV1 - firefox browser opened
[INFO ] 2024-08-17 02:42:27.714 [main] MavenStoreV1 - https://www.automationexercise.com/ url opened.
[INFO ] 2024-08-17 02:42:35.507 [main] MavenStoreV1 - Username matched on home page
[INFO ] 2024-08-17 02:42:44.733 [main] MavenStoreV1 - firefox browser closed.
[INFO ] 2024-08-17 03:11:55.179 [main] MavenStoreV1 - firefox browser opened
[INFO ] 2024-08-17 03:12:07.299 [main] MavenStoreV1 - https://www.automationexercise.com/ url opened.
[INFO ] 2024-08-17 03:12:18.811 [main] MavenStoreV1 - Username matched on home page
[INFO ] 2024-08-17 03:12:25.193 [main] MavenStoreV1 - https://www.automationexercise.com/ url opened.
[INFO ] 2024-08-17 03:12:31.329 [main] MavenStoreV1 - Username matched on home page
[INFO ] 2024-08-17 03:12:37.891 [main] MavenStoreV1 - firefox browser closed.
[INFO ] 2024-08-17 07:12:30.412 [main] MavenStoreV1 - firefox browser opened
[INFO ] 2024-08-17 07:12:35.462 [main] MavenStoreV1 - https://www.automationexercise.com/ url opened.
[INFO ] 2024-08-17 07:12:42.919 [main] MavenStoreV1 - Username matched on home page
[INFO ] 2024-08-17 07:12:45.627 [main] MavenStoreV1 - firefox browser closed.
[INFO ] 2024-08-17 07:17:36.457 [main] MavenStoreV1 - firefox browser opened
[INFO ] 2024-08-17 07:17:41.493 [main] MavenStoreV1 - https://www.automationexercise.com/ url opened.
[INFO ] 2024-08-17 07:17:46.938 [main] MavenStoreV1 - Username matched on home page
[INFO ] 2024-08-17 07:17:49.350 [main] MavenStoreV1 - firefox browser closed.
[INFO ] 2024-08-17 08:17:21.855 [main] MavenStoreV1 - firefox browser opened
[INFO ] 2024-08-17 08:17:28.039 [main] MavenStoreV1 - https://www.automationexercise.com/ url opened.
[INFO ] 2024-08-17 08:17:34.639 [main] MavenStoreV1 - Username matched on home page
[INFO ] 2024-08-17 08:17:38.781 [main] MavenStoreV1 - firefox browser closed.
